[debug] [2021-02-16T20:17:44.475Z] ----------------------------------------------------------------------
[debug] [2021-02-16T20:17:44.477Z] Command:       C:\Program Files\nodejs\node.exe C:\Users\soull\AppData\Roaming\npm\node_modules\firebase-tools\lib\bin\firebase.js deploy --only hosting:socialnetworkrs
[debug] [2021-02-16T20:17:44.478Z] CLI Version:   9.2.1
[debug] [2021-02-16T20:17:44.478Z] Platform:      win32
[debug] [2021-02-16T20:17:44.478Z] Node Version:  v14.15.3
[debug] [2021-02-16T20:17:44.483Z] Time:          Tue Feb 16 2021 23:17:44 GMT+0300 (Москва, стандартное время)
[debug] [2021-02-16T20:17:44.483Z] ----------------------------------------------------------------------
[debug] [2021-02-16T20:17:44.484Z] 
[debug] [2021-02-16T20:17:44.487Z] >>> [apiv2][query] GET https://firebase-public.firebaseio.com/cli.json [none]
[debug] [2021-02-16T20:17:44.513Z] > command requires scopes: ["email","openid","https://www.googleapis.com/auth/cloudplatformprojects.readonly","https://www.googleapis.com/auth/firebase","https://www.googleapis.com/auth/cloud-platform"]
[debug] [2021-02-16T20:17:44.514Z] > authorizing via signed-in user
[debug] [2021-02-16T20:17:44.514Z] [iam] checking project rsclone-c5c06 for permissions ["firebase.projects.get","firebasehosting.sites.update"]
[debug] [2021-02-16T20:17:44.516Z] > refreshing access token with scopes: ["email","https://www.googleapis.com/auth/cloud-platform","https://www.googleapis.com/auth/cloudplatformprojects.readonly","https://www.googleapis.com/auth/firebase","openid"]
[debug] [2021-02-16T20:17:44.517Z] >>> HTTP REQUEST POST https://www.googleapis.com/oauth2/v3/token  
 <request body omitted>
[debug] [2021-02-16T20:17:44.677Z] <<< HTTP RESPONSE 200 {"expires":"Mon, 01 Jan 1990 00:00:00 GMT","pragma":"no-cache","cache-control":"no-cache, no-store, max-age=0, must-revalidate","date":"Tue, 16 Feb 2021 20:17:45 GMT","content-type":"application/json; charset=utf-8","vary":"X-Origin, Referer, Origin,Accept-Encoding","server":"scaffolding on HTTPServer2","x-xss-protection":"0","x-frame-options":"SAMEORIGIN","x-content-type-options":"nosniff","alt-svc":"h3-29=\":443\"; ma=2592000,h3-T051=\":443\"; ma=2592000,h3-Q050=\":443\"; ma=2592000,h3-Q046=\":443\"; ma=2592000,h3-Q043=\":443\"; ma=2592000,quic=\":443\"; ma=2592000; v=\"46,43\"","accept-ranges":"none","transfer-encoding":"chunked"}
[debug] [2021-02-16T20:17:44.685Z] >>> HTTP REQUEST POST https://cloudresourcemanager.googleapis.com/v1/projects/rsclone-c5c06:testIamPermissions  
 {"permissions":["firebase.projects.get","firebasehosting.sites.update"]}
[debug] [2021-02-16T20:17:45.058Z] <<< [apiv2][status] GET https://firebase-public.firebaseio.com/cli.json 200
[debug] [2021-02-16T20:17:45.058Z] <<< [apiv2][body] GET https://firebase-public.firebaseio.com/cli.json {"cloudBuildErrorAfter":1594252800000,"cloudBuildWarnAfter":1590019200000,"defaultNode10After":1594252800000,"minVersion":"3.0.5","node8DeploysDisabledAfter":1613390400000,"node8RuntimeDisabledAfter":1615809600000,"node8WarnAfter":1600128000000}
[debug] [2021-02-16T20:17:45.445Z] <<< HTTP RESPONSE 200 {"content-type":"application/json; charset=UTF-8","vary":"X-Origin, Referer, Origin,Accept-Encoding","date":"Tue, 16 Feb 2021 20:17:45 GMT","server":"ESF","cache-control":"private","x-xss-protection":"0","x-frame-options":"SAMEORIGIN","x-content-type-options":"nosniff","server-timing":"gfet4t7; dur=624","alt-svc":"h3-29=\":443\"; ma=2592000,h3-T051=\":443\"; ma=2592000,h3-Q050=\":443\"; ma=2592000,h3-Q046=\":443\"; ma=2592000,h3-Q043=\":443\"; ma=2592000,quic=\":443\"; ma=2592000; v=\"46,43\"","accept-ranges":"none","transfer-encoding":"chunked"}
[debug] [2021-02-16T20:17:45.446Z] > refreshing access token with scopes: []
[debug] [2021-02-16T20:17:45.447Z] >>> HTTP REQUEST POST https://www.googleapis.com/oauth2/v3/token  
 <request body omitted>
